\BOOKMARK [1][-]{section.1}{Introduction}{}% 1
\BOOKMARK [1][-]{section.2}{Study design}{}% 2
\BOOKMARK [2][-]{subsection.2.1}{Research Questions}{section.2}% 3
\BOOKMARK [2][-]{subsection.2.2}{Search and Selection}{section.2}% 4
\BOOKMARK [2][-]{subsection.2.3}{Summarization and Categorization}{section.2}% 5
\BOOKMARK [1][-]{section.3}{Results}{}% 6
\BOOKMARK [2][-]{subsection.3.1}{Results - publication trends \(RQ1\)}{section.3}% 7
\BOOKMARK [2][-]{subsection.3.2}{Results - state-of-the-art \(RQ2\)}{section.3}% 8
\BOOKMARK [2][-]{subsection.3.3}{Results - energy QA trade-off \(RQ3\)}{section.3}% 9
\BOOKMARK [1][-]{section.4}{Discussion}{}% 10
\BOOKMARK [1][-]{section.5}{Threats To Validity}{}% 11
\BOOKMARK [2][-]{subsection.5.1}{Internal Validity}{section.5}% 12
\BOOKMARK [2][-]{subsection.5.2}{External Validity}{section.5}% 13
\BOOKMARK [2][-]{subsection.5.3}{Construct Validity}{section.5}% 14
\BOOKMARK [2][-]{subsection.5.4}{Conclusion Validity}{section.5}% 15
\BOOKMARK [1][-]{section.6}{Conclusions}{}% 16
\BOOKMARK [1][-]{section*.7}{References}{}% 17
\BOOKMARK [1][-]{section*.8}{Appendix A: Primary Studies}{}% 18
\BOOKMARK [1][-]{section*.10}{Appendix B: Data Sheet Part 1}{}% 19
\BOOKMARK [1][-]{section*.12}{Appendix C: Data Sheet Part 2}{}% 20
